2019-06-19 01:15:31,744 INFO org.springframework.boot.StartupInfoLogger [main] Starting PlantsplantsApplication on SOGOL with PID 7288 (F:\projects\plantsplants\target\classes started by Mukul Garg in F:\projects\plantsplants)
2019-06-19 01:15:31,748 DEBUG org.springframework.boot.StartupInfoLogger [main] Running with Spring Boot v2.1.2.RELEASE, Spring v5.1.4.RELEASE
2019-06-19 01:15:31,749 INFO org.springframework.boot.SpringApplication [main] No active profile set, falling back to default profiles: default
2019-06-19 01:20:10,833 INFO org.springframework.boot.StartupInfoLogger [main] Starting PlantsplantsApplication on SOGOL with PID 9724 (F:\projects\plantsplants\target\classes started by Mukul Garg in F:\projects\plantsplants)
2019-06-19 01:20:10,836 DEBUG org.springframework.boot.StartupInfoLogger [main] Running with Spring Boot v2.1.2.RELEASE, Spring v5.1.4.RELEASE
2019-06-19 01:20:10,837 INFO org.springframework.boot.SpringApplication [main] No active profile set, falling back to default profiles: default
2019-06-19 01:26:45,258 INFO org.springframework.boot.StartupInfoLogger [main] Starting PlantsplantsApplication on SOGOL with PID 3296 (F:\projects\plantsplants\target\classes started by Mukul Garg in F:\projects\plantsplants)
2019-06-19 01:26:45,260 DEBUG org.springframework.boot.StartupInfoLogger [main] Running with Spring Boot v2.1.2.RELEASE, Spring v5.1.4.RELEASE
2019-06-19 01:26:45,261 INFO org.springframework.boot.SpringApplication [main] No active profile set, falling back to default profiles: default
2019-06-19 01:29:42,733 INFO org.springframework.boot.StartupInfoLogger [main] Starting PlantsplantsApplication on SOGOL with PID 9808 (F:\projects\plantsplants\target\classes started by Mukul Garg in F:\projects\plantsplants)
2019-06-19 01:29:42,735 DEBUG org.springframework.boot.StartupInfoLogger [main] Running with Spring Boot v2.1.2.RELEASE, Spring v5.1.4.RELEASE
2019-06-19 01:29:42,736 INFO org.springframework.boot.SpringApplication [main] No active profile set, falling back to default profiles: default
2019-06-19 01:29:57,415 INFO org.springframework.boot.StartupInfoLogger [main] Starting PlantsplantsApplication on SOGOL with PID 4960 (F:\projects\plantsplants\target\classes started by Mukul Garg in F:\projects\plantsplants)
2019-06-19 01:29:57,417 DEBUG org.springframework.boot.StartupInfoLogger [main] Running with Spring Boot v2.1.2.RELEASE, Spring v5.1.4.RELEASE
2019-06-19 01:29:57,418 INFO org.springframework.boot.SpringApplication [main] No active profile set, falling back to default profiles: default
2019-06-19 01:30:49,868 INFO org.springframework.boot.StartupInfoLogger [main] Starting PlantsplantsApplication on SOGOL with PID 1508 (F:\projects\plantsplants\target\classes started by Mukul Garg in F:\projects\plantsplants)
2019-06-19 01:30:49,870 DEBUG org.springframework.boot.StartupInfoLogger [main] Running with Spring Boot v2.1.2.RELEASE, Spring v5.1.4.RELEASE
2019-06-19 01:30:49,871 INFO org.springframework.boot.SpringApplication [main] No active profile set, falling back to default profiles: default
2019-06-19 01:31:00,615 INFO org.springframework.boot.StartupInfoLogger [main] Starting PlantsplantsApplication on SOGOL with PID 1436 (F:\projects\plantsplants\target\classes started by Mukul Garg in F:\projects\plantsplants)
2019-06-19 01:31:00,618 DEBUG org.springframework.boot.StartupInfoLogger [main] Running with Spring Boot v2.1.2.RELEASE, Spring v5.1.4.RELEASE
2019-06-19 01:31:00,619 INFO org.springframework.boot.SpringApplication [main] No active profile set, falling back to default profiles: default
2019-06-19 01:44:05,588 INFO org.springframework.boot.StartupInfoLogger [main] Starting PlantsplantsApplication on SOGOL with PID 11308 (F:\projects\plantsplants\target\classes started by Mukul Garg in F:\projects\plantsplants)
2019-06-19 01:44:05,588 DEBUG org.springframework.boot.StartupInfoLogger [main] Running with Spring Boot v2.1.2.RELEASE, Spring v5.1.4.RELEASE
2019-06-19 01:44:05,588 INFO org.springframework.boot.SpringApplication [main] No active profile set, falling back to default profiles: default
2019-06-19 01:44:09,387 INFO org.springframework.boot.StartupInfoLogger [main] Started PlantsplantsApplication in 4.19 seconds (JVM running for 4.585)
2019-06-19 01:45:09,563 TRACE tech.infinence.plantsplants.PlantsPlantsController [http-nio-8080-exec-4] Saved specimen: SpecimenDTO{specimenId=0, latitude='-23', longitude='25', description='blah', plantId=1234, plantName='blahblahblah'}
2019-06-19 17:30:03,706 INFO org.springframework.boot.StartupInfoLogger [main] Starting PlantsplantsApplication on SOGOL with PID 9700 (F:\projects\plantsplants\target\classes started by Mukul Garg in F:\projects\plantsplants)
2019-06-19 17:30:03,715 DEBUG org.springframework.boot.StartupInfoLogger [main] Running with Spring Boot v2.1.2.RELEASE, Spring v5.1.4.RELEASE
2019-06-19 17:30:03,716 INFO org.springframework.boot.SpringApplication [main] No active profile set, falling back to default profiles: default
2019-06-19 17:34:18,047 INFO org.springframework.boot.StartupInfoLogger [main] Starting PlantsplantsApplication on SOGOL with PID 8888 (F:\projects\plantsplants\target\classes started by Mukul Garg in F:\projects\plantsplants)
2019-06-19 17:34:18,047 DEBUG org.springframework.boot.StartupInfoLogger [main] Running with Spring Boot v2.1.2.RELEASE, Spring v5.1.4.RELEASE
2019-06-19 17:34:18,047 INFO org.springframework.boot.SpringApplication [main] No active profile set, falling back to default profiles: default
2019-06-19 17:37:46,872 INFO org.springframework.boot.StartupInfoLogger [main] Starting PlantsplantsApplication on SOGOL with PID 9984 (F:\projects\plantsplants\target\classes started by Mukul Garg in F:\projects\plantsplants)
2019-06-19 17:37:46,875 DEBUG org.springframework.boot.StartupInfoLogger [main] Running with Spring Boot v2.1.2.RELEASE, Spring v5.1.4.RELEASE
2019-06-19 17:37:46,876 INFO org.springframework.boot.SpringApplication [main] No active profile set, falling back to default profiles: default
2019-06-19 17:37:51,287 INFO org.springframework.boot.StartupInfoLogger [main] Started PlantsplantsApplication in 4.814 seconds (JVM running for 5.206)
