2019-02-10 01:19:43,172 INFO org.springframework.boot.StartupInfoLogger [main] Starting PlantsplantsApplication on CONSOLE with PID 14988 (H:\projects\plantsplants\target\classes started by the_professor in H:\projects\plantsplants)
2019-02-10 01:19:43,178 DEBUG org.springframework.boot.StartupInfoLogger [main] Running with Spring Boot v2.1.2.RELEASE, Spring v5.1.4.RELEASE
2019-02-10 01:19:43,180 INFO org.springframework.boot.SpringApplication [main] No active profile set, falling back to default profiles: default
2019-02-10 01:19:48,949 INFO org.springframework.boot.StartupInfoLogger [main] Started PlantsplantsApplication in 6.43 seconds (JVM running for 7.878)
2019-02-10 01:23:42,697 INFO org.springframework.boot.StartupInfoLogger [main] Starting PlantsplantsApplication on CONSOLE with PID 12400 (H:\projects\plantsplants\target\classes started by the_professor in H:\projects\plantsplants)
2019-02-10 01:23:42,702 DEBUG org.springframework.boot.StartupInfoLogger [main] Running with Spring Boot v2.1.2.RELEASE, Spring v5.1.4.RELEASE
2019-02-10 01:23:42,704 INFO org.springframework.boot.SpringApplication [main] No active profile set, falling back to default profiles: default
2019-02-10 01:23:48,185 INFO org.springframework.boot.StartupInfoLogger [main] Started PlantsplantsApplication in 6.212 seconds (JVM running for 7.614)
2019-02-10 01:24:37,395 TRACE tech.infinence.plantsplants.PlantsPlantsController [http-nio-8080-exec-5] Saved specimen: SpecimenDTO{specimenId=0, latitude='28.40', longitude='77.10', description='A bootiful Eastern Redbud spechi-hen', plantId=83, plantName='Eastern Redbud'}
2019-02-10 01:28:17,705 TRACE tech.infinence.plantsplants.PlantsPlantsController [http-nio-8080-exec-9] Saved specimen: SpecimenDTO{specimenId=0, latitude='28.40', longitude='77.10', description='Another beautiful fall color', plantId=83, plantName='Cercis Candensis Eastern Redbud'}
2019-02-10 01:28:45,684 TRACE tech.infinence.plantsplants.PlantsPlantsController [http-nio-8080-exec-2] Saved specimen: SpecimenDTO{specimenId=0, latitude='28.40', longitude='77.10', description='Yet another beautiful fall color', plantId=83, plantName='Cercis Candensis Eastern Redbud'}
2019-02-10 14:07:14,943 INFO org.springframework.boot.StartupInfoLogger [main] Starting PlantsplantsApplication on CONSOLE with PID 2232 (H:\projects\plantsplants\target\classes started by the_professor in H:\projects\plantsplants)
2019-02-10 14:07:14,965 DEBUG org.springframework.boot.StartupInfoLogger [main] Running with Spring Boot v2.1.2.RELEASE, Spring v5.1.4.RELEASE
2019-02-10 14:07:14,966 INFO org.springframework.boot.SpringApplication [main] No active profile set, falling back to default profiles: default
2019-02-10 14:08:18,934 INFO org.springframework.boot.StartupInfoLogger [main] Starting PlantsplantsApplication on CONSOLE with PID 8480 (H:\projects\plantsplants\target\classes started by the_professor in H:\projects\plantsplants)
2019-02-10 14:08:18,941 DEBUG org.springframework.boot.StartupInfoLogger [main] Running with Spring Boot v2.1.2.RELEASE, Spring v5.1.4.RELEASE
2019-02-10 14:08:18,942 INFO org.springframework.boot.SpringApplication [main] No active profile set, falling back to default profiles: default
2019-02-10 14:13:23,332 INFO org.springframework.boot.StartupInfoLogger [main] Starting PlantsplantsApplication on CONSOLE with PID 3776 (H:\projects\plantsplants\target\classes started by the_professor in H:\projects\plantsplants)
2019-02-10 14:13:23,338 DEBUG org.springframework.boot.StartupInfoLogger [main] Running with Spring Boot v2.1.2.RELEASE, Spring v5.1.4.RELEASE
2019-02-10 14:13:23,340 INFO org.springframework.boot.SpringApplication [main] No active profile set, falling back to default profiles: default
2019-02-10 14:13:29,485 INFO org.springframework.boot.StartupInfoLogger [main] Started PlantsplantsApplication in 6.78 seconds (JVM running for 7.991)
2019-02-10 14:14:11,377 INFO tech.infinence.plantsplants.PlantsPlantsController [http-nio-8080-exec-10] User has entered the /start endpoint
2019-02-10 14:15:53,024 TRACE tech.infinence.plantsplants.PlantsPlantsController [http-nio-8080-exec-5] Saved specimen: SpecimenDTO{specimenId=0, latitude='gsdfg', longitude='sdfgsdfg', description='dsfg', plantId=453, plantName='zgsdf'}
2019-02-10 19:19:57,389 INFO org.springframework.boot.StartupInfoLogger [main] Starting PlantsplantsApplication on CONSOLE with PID 15796 (H:\projects\plantsplants\target\classes started by the_professor in H:\projects\plantsplants)
2019-02-10 19:19:57,407 DEBUG org.springframework.boot.StartupInfoLogger [main] Running with Spring Boot v2.1.2.RELEASE, Spring v5.1.4.RELEASE
2019-02-10 19:19:57,408 INFO org.springframework.boot.SpringApplication [main] No active profile set, falling back to default profiles: default
2019-02-10 19:21:27,426 INFO org.springframework.boot.StartupInfoLogger [main] Started PlantsplantsApplication in 100.43 seconds (JVM running for 134.439)
2019-02-10 20:09:16,762 INFO org.springframework.boot.StartupInfoLogger [main] Starting PlantsplantsApplication on CONSOLE with PID 4268 (H:\projects\plantsplants\target\classes started by the_professor in H:\projects\plantsplants)
2019-02-10 20:09:16,778 DEBUG org.springframework.boot.StartupInfoLogger [main] Running with Spring Boot v2.1.2.RELEASE, Spring v5.1.4.RELEASE
2019-02-10 20:09:16,780 INFO org.springframework.boot.SpringApplication [main] No active profile set, falling back to default profiles: default
2019-02-10 20:10:09,621 INFO org.springframework.boot.StartupInfoLogger [main] Started PlantsplantsApplication in 67.757 seconds (JVM running for 104.659)
2019-02-10 20:10:58,416 TRACE tech.infinence.plantsplants.PlantsPlantsController [http-nio-8080-exec-3] Saved specimen: SpecimenDTO{specimenId=0, latitude='28.644', longitude='77.261', description='A bootiful Eastern Redbud spechi-hen', plantId=12221, plantName='Eastern Redbud'}
2019-02-10 20:14:44,202 INFO org.springframework.boot.StartupInfoLogger [main] Starting PlantsplantsApplication on CONSOLE with PID 13876 (H:\projects\plantsplants\target\classes started by the_professor in H:\projects\plantsplants)
2019-02-10 20:14:44,217 DEBUG org.springframework.boot.StartupInfoLogger [main] Running with Spring Boot v2.1.2.RELEASE, Spring v5.1.4.RELEASE
2019-02-10 20:14:44,219 INFO org.springframework.boot.SpringApplication [main] No active profile set, falling back to default profiles: default
2019-02-10 20:16:22,602 INFO org.springframework.boot.StartupInfoLogger [main] Started PlantsplantsApplication in 114.835 seconds (JVM running for 148.324)
2019-02-10 20:22:48,652 INFO org.springframework.boot.StartupInfoLogger [main] Starting PlantsplantsApplication on CONSOLE with PID 5020 (H:\projects\plantsplants\target\classes started by the_professor in H:\projects\plantsplants)
2019-02-10 20:22:49,249 DEBUG org.springframework.boot.StartupInfoLogger [main] Running with Spring Boot v2.1.2.RELEASE, Spring v5.1.4.RELEASE
2019-02-10 20:22:49,250 INFO org.springframework.boot.SpringApplication [main] No active profile set, falling back to default profiles: default
2019-02-10 20:24:37,870 INFO org.springframework.boot.StartupInfoLogger [main] Started PlantsplantsApplication in 127.152 seconds (JVM running for 160.245)
2019-02-10 20:34:01,067 INFO org.springframework.boot.StartupInfoLogger [main] Starting PlantsplantsApplication on CONSOLE with PID 7016 (H:\projects\plantsplants\target\classes started by the_professor in H:\projects\plantsplants)
2019-02-10 20:34:01,089 DEBUG org.springframework.boot.StartupInfoLogger [main] Running with Spring Boot v2.1.2.RELEASE, Spring v5.1.4.RELEASE
2019-02-10 20:34:01,090 INFO org.springframework.boot.SpringApplication [main] No active profile set, falling back to default profiles: default
2019-02-10 20:35:18,292 INFO org.springframework.boot.StartupInfoLogger [main] Started PlantsplantsApplication in 88.523 seconds (JVM running for 108.457)
2019-02-10 21:34:04,147 INFO org.springframework.boot.StartupInfoLogger [main] Starting PlantsplantsApplication on CONSOLE with PID 15640 (H:\projects\plantsplants\target\classes started by the_professor in H:\projects\plantsplants)
2019-02-10 21:34:04,154 DEBUG org.springframework.boot.StartupInfoLogger [main] Running with Spring Boot v2.1.2.RELEASE, Spring v5.1.4.RELEASE
2019-02-10 21:34:04,156 INFO org.springframework.boot.SpringApplication [main] No active profile set, falling back to default profiles: default
2019-02-10 21:34:09,977 INFO org.springframework.boot.StartupInfoLogger [main] Started PlantsplantsApplication in 6.64 seconds (JVM running for 8.241)
2019-02-10 21:34:18,823 INFO tech.infinence.plantsplants.PlantsPlantsController [http-nio-8080-exec-1] User has entered the /start endpoint
2019-02-10 21:34:25,653 DEBUG tech.infinence.plantsplants.PlantsPlantsController [http-nio-8080-exec-3] entering search plants
2019-02-10 21:34:29,683 DEBUG tech.infinence.plantsplants.PlantsPlantsController [http-nio-8080-exec-3] exiting search Plants
2019-02-10 21:35:59,639 INFO org.springframework.boot.StartupInfoLogger [main] Starting PlantsplantsApplication on CONSOLE with PID 12548 (H:\projects\plantsplants\target\classes started by the_professor in H:\projects\plantsplants)
2019-02-10 21:35:59,646 DEBUG org.springframework.boot.StartupInfoLogger [main] Running with Spring Boot v2.1.2.RELEASE, Spring v5.1.4.RELEASE
2019-02-10 21:35:59,648 INFO org.springframework.boot.SpringApplication [main] No active profile set, falling back to default profiles: default
2019-02-10 21:36:04,991 INFO org.springframework.boot.StartupInfoLogger [main] Started PlantsplantsApplication in 6.027 seconds (JVM running for 7.445)
2019-02-10 21:36:54,280 INFO tech.infinence.plantsplants.PlantsPlantsController [http-nio-8080-exec-1] User has entered the /start endpoint
2019-02-10 21:39:27,892 INFO org.springframework.boot.StartupInfoLogger [main] Starting PlantsplantsApplication on CONSOLE with PID 3648 (H:\projects\plantsplants\target\classes started by the_professor in H:\projects\plantsplants)
2019-02-10 21:39:27,896 DEBUG org.springframework.boot.StartupInfoLogger [main] Running with Spring Boot v2.1.2.RELEASE, Spring v5.1.4.RELEASE
2019-02-10 21:39:27,897 INFO org.springframework.boot.SpringApplication [main] No active profile set, falling back to default profiles: default
2019-02-10 21:39:32,755 INFO org.springframework.boot.StartupInfoLogger [main] Started PlantsplantsApplication in 5.441 seconds (JVM running for 6.957)
2019-02-10 21:43:33,028 INFO org.springframework.boot.StartupInfoLogger [main] Starting PlantsplantsApplication on CONSOLE with PID 8956 (H:\projects\plantsplants\target\classes started by the_professor in H:\projects\plantsplants)
2019-02-10 21:43:33,033 DEBUG org.springframework.boot.StartupInfoLogger [main] Running with Spring Boot v2.1.2.RELEASE, Spring v5.1.4.RELEASE
2019-02-10 21:43:33,034 INFO org.springframework.boot.SpringApplication [main] No active profile set, falling back to default profiles: default
2019-02-10 21:43:38,194 INFO org.springframework.boot.StartupInfoLogger [main] Started PlantsplantsApplication in 5.811 seconds (JVM running for 7.263)
2019-02-10 21:43:48,236 INFO tech.infinence.plantsplants.PlantsPlantsController [http-nio-8080-exec-3] User has entered the /start endpoint
2019-02-10 21:44:23,612 INFO org.springframework.boot.StartupInfoLogger [main] Starting PlantsplantsApplication on CONSOLE with PID 5692 (H:\projects\plantsplants\target\classes started by the_professor in H:\projects\plantsplants)
2019-02-10 21:44:23,617 DEBUG org.springframework.boot.StartupInfoLogger [main] Running with Spring Boot v2.1.2.RELEASE, Spring v5.1.4.RELEASE
2019-02-10 21:44:23,618 INFO org.springframework.boot.SpringApplication [main] No active profile set, falling back to default profiles: default
2019-02-10 21:44:29,256 INFO org.springframework.boot.StartupInfoLogger [main] Started PlantsplantsApplication in 6.316 seconds (JVM running for 7.803)
2019-02-10 21:44:31,763 INFO tech.infinence.plantsplants.PlantsPlantsController [http-nio-8080-exec-1] User has entered the /start endpoint
2019-02-10 21:44:50,245 INFO org.springframework.boot.StartupInfoLogger [main] Starting PlantsplantsApplication on CONSOLE with PID 15788 (H:\projects\plantsplants\target\classes started by the_professor in H:\projects\plantsplants)
2019-02-10 21:44:50,252 DEBUG org.springframework.boot.StartupInfoLogger [main] Running with Spring Boot v2.1.2.RELEASE, Spring v5.1.4.RELEASE
2019-02-10 21:44:50,254 INFO org.springframework.boot.SpringApplication [main] No active profile set, falling back to default profiles: default
2019-02-10 21:44:55,582 INFO org.springframework.boot.StartupInfoLogger [main] Started PlantsplantsApplication in 6.06 seconds (JVM running for 6.974)
2019-02-10 21:45:00,323 INFO tech.infinence.plantsplants.PlantsPlantsController [http-nio-8080-exec-1] User has entered the /start endpoint
2019-02-10 21:45:21,792 DEBUG tech.infinence.plantsplants.PlantsPlantsController [http-nio-8080-exec-6] entering search plants
2019-02-10 21:45:25,857 DEBUG tech.infinence.plantsplants.PlantsPlantsController [http-nio-8080-exec-6] exiting search Plants
2019-02-10 21:59:32,224 INFO tech.infinence.plantsplants.PlantsPlantsController [http-nio-8080-exec-10] User has entered the /start endpoint
2019-02-10 22:06:46,927 INFO org.springframework.boot.StartupInfoLogger [main] Starting PlantsplantsApplication on CONSOLE with PID 16356 (H:\projects\plantsplants\target\classes started by the_professor in H:\projects\plantsplants)
2019-02-10 22:06:46,932 DEBUG org.springframework.boot.StartupInfoLogger [main] Running with Spring Boot v2.1.2.RELEASE, Spring v5.1.4.RELEASE
2019-02-10 22:06:46,934 INFO org.springframework.boot.SpringApplication [main] No active profile set, falling back to default profiles: default
2019-02-10 22:06:52,481 INFO org.springframework.boot.StartupInfoLogger [main] Started PlantsplantsApplication in 6.253 seconds (JVM running for 7.676)
2019-02-10 22:06:53,632 INFO tech.infinence.plantsplants.PlantsPlantsController [http-nio-8080-exec-1] User has entered the /start endpoint
2019-02-10 22:07:07,754 INFO tech.infinence.plantsplants.PlantsPlantsController [http-nio-8080-exec-3] User has entered the /start endpoint
2019-02-10 22:08:37,454 INFO org.springframework.boot.StartupInfoLogger [main] Starting PlantsplantsApplication on CONSOLE with PID 13380 (H:\projects\plantsplants\target\classes started by the_professor in H:\projects\plantsplants)
2019-02-10 22:08:37,460 DEBUG org.springframework.boot.StartupInfoLogger [main] Running with Spring Boot v2.1.2.RELEASE, Spring v5.1.4.RELEASE
2019-02-10 22:08:37,461 INFO org.springframework.boot.SpringApplication [main] No active profile set, falling back to default profiles: default
2019-02-10 22:08:42,494 INFO org.springframework.boot.StartupInfoLogger [main] Started PlantsplantsApplication in 5.688 seconds (JVM running for 7.097)
2019-02-10 22:08:44,845 INFO tech.infinence.plantsplants.PlantsPlantsController [http-nio-8080-exec-1] User has entered the /start endpoint
2019-02-10 22:11:38,682 INFO org.springframework.boot.StartupInfoLogger [main] Starting PlantsplantsApplication on CONSOLE with PID 13940 (H:\projects\plantsplants\target\classes started by the_professor in H:\projects\plantsplants)
2019-02-10 22:11:38,688 DEBUG org.springframework.boot.StartupInfoLogger [main] Running with Spring Boot v2.1.2.RELEASE, Spring v5.1.4.RELEASE
2019-02-10 22:11:38,690 INFO org.springframework.boot.SpringApplication [main] No active profile set, falling back to default profiles: default
2019-02-10 22:11:43,647 INFO org.springframework.boot.StartupInfoLogger [main] Started PlantsplantsApplication in 5.674 seconds (JVM running for 7.113)
2019-02-10 22:11:45,605 INFO tech.infinence.plantsplants.PlantsPlantsController [http-nio-8080-exec-1] User has entered the /start endpoint
